hello | -1
int | -1
IDENTIFIER | 7
; | -1
int | -1
IDENTIFIER | 8
; | -1
BEGIN | -1
IDENTIFIER | 7
= | -1
read | -1
( | -1
) | -1
IDENTIFIER | 8
= | -1
read | -1
( | -1
) | -1
while | -1
( | -1
IDENTIFIER | 8
!= | -1
CONSTANT | 18
) | -1
{ | -1
if | -1
( | -1
IDENTIFIER | 7
> | -1
IDENTIFIER | 8
) | -1
{ | -1
IDENTIFIER | 7
= | -1
IDENTIFIER | 7
- | -1
IDENTIFIER | 8
} | -1
else | -1
if | -1
( | -1
IDENTIFIER | 8
> | -1
IDENTIFIER | 7
) | -1
{ | -1
IDENTIFIER | 8
= | -1
IDENTIFIER | 8
- | -1
IDENTIFIER | 7
} | -1
} | -1
END | -1
write | -1
( | -1
IDENTIFIER | 7
) | -1
bye | -1
