hello | -1
arr | -1
int | -1
IDENTIFIER | 14
[ | -1
CONSTANT | 11
] | -1
; | -1
int | -1
IDENTIFIER | 20
= | -1
- | -1
CONSTANT | 19
; | -1
int | -1
IDENTIFIER | 16
= | -1
- | -1
CONSTANT | 19
; | -1
BEGIN | -1
write | -1
( | -1
" | -1
IDENTIFIER | 18
IDENTIFIER | 13
IDENTIFIER | 14
IDENTIFIER | 0
CONSTANT | 18
IDENTIFIER | 17
IDENTIFIER | 4
" | -1
) | -1
while | -1
( | -1
IDENTIFIER | 20
!= | -1
CONSTANT | 18
) | -1
{ | -1
write | -1
( | -1
" | -1
IDENTIFIER | 29
= | -1
" | -1
) | -1
; | -1
read | -1
( | -1
IDENTIFIER | 20
) | -1
; | -1
if | -1
( | -1
IDENTIFIER | 20
> | -1
IDENTIFIER | 16
) | -1
{ | -1
IDENTIFIER | 16
= | -1
IDENTIFIER | 20
} | -1
} | -1
write | -1
( | -1
IDENTIFIER | 16
) | -1
END | -1
IDENTIFIER | 14
