SymbolTable with hash table representation
0-deque(['type'])
1-deque([])
2-deque([])
3-deque([])
4-deque(['stop'])
5-deque([])
6-deque([])
7-deque([])
8-deque([])
9-deque([])
10-deque([])
11-deque(['50'])
12-deque([])
13-deque(['positive'])
14-deque(['numbers', 'BYE'])
15-deque([])
16-deque(['maximum'])
17-deque(['to'])
18-deque(['Input', '0'])
19-deque(['1'])
20-deque(['input'])
21-deque([])
22-deque([])
23-deque([])
24-deque([])
25-deque([])
26-deque([])
27-deque([])
28-deque([])
29-deque(['elem'])
