hello | -1
int | -1
IDENTIFIER | 7
; | -1
int | -1
IDENTIFIER | 8
; | -1
BEGIN | -1
CONSTANT | 4
= | -1
read | -1
( | -1
" | -1
CONSTANT | -1
= | -1
" | -1
) | -1
CONSTANT | 5
= | -1
read | -1
( | -1
" | -1
CONSTANT | -1
= | -1
" | -1
) | -1
while | -1
( | -1
IDENTIFIER | -1
!= | -1
= | -1
CONSTANT | 18
) | -1
{ | -1
if | -1
( | -1
IDENTIFIER | -1
> | -1
IDENTIFIER | -1
) | -1
{ | -1
IDENTIFIER | -1
= | -1
IDENTIFIER | -1
- | -1
IDENTIFIER | -1
} | -1
else | -1
if | -1
( | -1
IDENTIFIER | -1
> | -1
IDENTIFIER | -1
) | -1
{ | -1
IDENTIFIER | -1
= | -1
IDENTIFIER | -1
- | -1
IDENTIFIER | -1
} | -1
} | -1
END | -1
write | -1
( | -1
" | -1
CONSTANT | 11
CONSTANT | -1
= | -1
" | -1
+ | -1
IDENTIFIER | -1
) | -1
bye | -1
