hello | -1
arr | -1
int | -1
IDENTIFIER | 14
[ | -1
CONSTANT | 11
] | -1
; | -1
int | -1
IDENTIFIER | 20
= | -1
- | -1
CONSTANT | 19
; | -1
int | -1
IDENTIFIER | 16
= | -1
- | -1
CONSTANT | -1
; | -1
BEGIN | -1
write | -1
( | -1
" | -1
CONSTANT | 28
CONSTANT | -1
CONSTANT | -1
CONSTANT | -1
CONSTANT | -1
CONSTANT | -1
CONSTANT | -1
" | -1
) | -1
while | -1
( | -1
IDENTIFIER | -1
!= | -1
= | -1
CONSTANT | 18
) | -1
{ | -1
write | -1
( | -1
" | -1
CONSTANT | 26
= | -1
" | -1
) | -1
; | -1
read | -1
( | -1
IDENTIFIER | -1
) | -1
; | -1
if | -1
( | -1
IDENTIFIER | -1
> | -1
IDENTIFIER | -1
) | -1
{ | -1
IDENTIFIER | -1
= | -1
IDENTIFIER | -1
} | -1
} | -1
write | -1
( | -1
IDENTIFIER | -1
) | -1
END | -1
IDENTIFIER | 14
